2023-11-07 13:29:54,681 - WARNING - Scores not found for game between Pacific and Portland in inputs/d1-week7.txt
2023-11-07 13:29:56,517 - WARNING - Scores not found for game between UC Riverside and Long Beach State in inputs/d1-week10.txt
2023-11-07 13:29:58,039 - WARNING - Scores not found for game between Florida State and Morehead State in inputs/d1-week13.txt
2023-11-07 13:29:58,041 - WARNING - Scores not found for game between UCLA and UC Irvine in inputs/d1-week13.txt
2023-11-07 13:29:58,041 - WARNING - Scores not found for game between Stanford and Pepperdine in inputs/d1-week13.txt
2023-11-07 13:29:58,042 - WARNING - Scores not found for game between Clemson and Radford in inputs/d1-week13.txt
2023-11-07 13:29:58,042 - WARNING - Scores not found for game between Saint Louis and Indiana in inputs/d1-week13.txt
2023-11-07 13:29:58,043 - WARNING - Scores not found for game between BYU and Utah State in inputs/d1-week13.txt
2023-11-07 13:29:58,043 - WARNING - Scores not found for game between Texas Tech and FGCU in inputs/d1-week13.txt
2023-11-07 13:29:58,043 - WARNING - Scores not found for game between North Carolina and Towson in inputs/d1-week13.txt
2023-11-07 13:29:58,044 - WARNING - Scores not found for game between Texas and Lamar in inputs/d1-week13.txt
2023-11-07 13:29:58,044 - WARNING - Scores not found for game between USC and Grand Canyon in inputs/d1-week13.txt
2023-11-07 13:29:58,045 - WARNING - Scores not found for game between Georgia and Liberty in inputs/d1-week13.txt
2023-11-07 13:29:58,045 - WARNING - Scores not found for game between Iowa and Bucknell in inputs/d1-week13.txt
2023-11-07 13:29:58,046 - WARNING - Scores not found for game between Arkansas and Grambling State in inputs/d1-week13.txt
2023-11-07 13:29:58,046 - WARNING - Scores not found for game between Penn State and Central Connecticut in inputs/d1-week13.txt
2023-11-07 13:29:58,046 - WARNING - Scores not found for game between Wisconsin and Wisconsin-Milwaukee in inputs/d1-week13.txt
2023-11-07 13:29:58,047 - WARNING - Scores not found for game between Nebraska and South Dakota State in inputs/d1-week13.txt
2023-11-07 13:29:58,047 - WARNING - Scores not found for game between Alabama and Western Carolina in inputs/d1-week13.txt
2023-11-07 13:29:58,047 - WARNING - Scores not found for game between Michigan State and Ohio University in inputs/d1-week13.txt
2023-11-07 13:29:58,048 - WARNING - Scores not found for game between South Carolina and James Madison in inputs/d1-week13.txt
2023-11-07 13:29:58,048 - WARNING - Scores not found for game between Texas A&M and Colorado in inputs/d1-week13.txt
2023-11-07 13:29:58,049 - WARNING - Scores not found for game between Memphis and LSU in inputs/d1-week13.txt
2023-11-07 13:29:58,049 - WARNING - Scores not found for game between Notre Dame and Valparaiso in inputs/d1-week13.txt
2023-11-07 13:29:58,049 - WARNING - Scores not found for game between Pittsburgh and Ohio State in inputs/d1-week13.txt
2023-11-07 13:29:58,050 - WARNING - Scores not found for game between Harvard and Maine in inputs/d1-week13.txt
2023-11-07 13:29:58,050 - WARNING - Scores not found for game between Brown and Quinnipiac in inputs/d1-week13.txt
2023-11-07 13:29:58,051 - WARNING - Scores not found for game between Georgetown and Old Dominion in inputs/d1-week13.txt
2023-11-07 13:29:58,051 - WARNING - Scores not found for game between Gonzaga and Idaho in inputs/d1-week13.txt
2023-11-07 13:29:58,051 - WARNING - Scores not found for game between Mississippi State and Providence in inputs/d1-week13.txt
2023-11-07 13:29:58,052 - WARNING - Scores not found for game between Princeton and Michigan in inputs/d1-week13.txt
2023-11-07 13:29:58,052 - WARNING - Scores not found for game between Santa Clara and Arizona State in inputs/d1-week13.txt
2023-11-07 13:29:58,053 - WARNING - Scores not found for game between Xavier and Tennessee in inputs/d1-week13.txt
2023-11-07 13:29:58,053 - WARNING - Scores not found for game between Columbia and Rutgers in inputs/d1-week13.txt
