2023-11-01 22:38:34,562 - WARNING - Scores not found for game between Pacific and Portland in inputs/d1-week7.txt
2023-11-01 22:38:35,780 - WARNING - Scores not found for game between UC Riverside and Long Beach State in inputs/d1-week10.txt
2023-11-01 22:38:36,445 - WARNING - Scores not found for game between UAB and Memphis in inputs/d1-week12.txt
2023-11-01 22:38:36,446 - WARNING - Scores not found for game between Auburn and Arkansas in inputs/d1-week12.txt
2023-11-01 22:38:36,446 - WARNING - Scores not found for game between Texas A&M and South Carolina in inputs/d1-week12.txt
2023-11-01 22:38:36,446 - WARNING - Scores not found for game between Alabama and Mississippi State in inputs/d1-week12.txt
2023-11-01 22:38:36,446 - WARNING - Scores not found for game between Charlotte and East Carolina in inputs/d1-week12.txt
2023-11-01 22:38:36,447 - WARNING - Scores not found for game between Kentucky and Georgia in inputs/d1-week12.txt
2023-11-01 22:38:36,447 - WARNING - Scores not found for game between South Florida and Florida Atlantic in inputs/d1-week12.txt
2023-11-01 22:38:36,448 - WARNING - Scores not found for game between Tulsa and SMU in inputs/d1-week12.txt
2023-11-01 22:38:36,448 - WARNING - Scores not found for game between BYU and USF in inputs/d1-week12.txt
2023-11-01 22:38:36,448 - WARNING - Scores not found for game between Texas and Texas Tech in inputs/d1-week12.txt
2023-11-01 22:38:36,449 - WARNING - Scores not found for game between Saint Louis and Duquesne in inputs/d1-week12.txt
2023-11-01 22:38:36,449 - WARNING - Scores not found for game between Texas State and South Alabama in inputs/d1-week12.txt
2023-11-01 22:38:36,449 - WARNING - Scores not found for game between California Baptist and Seattle in inputs/d1-week12.txt
2023-11-01 22:38:36,449 - WARNING - Scores not found for game between Georgia State and Old Dominion in inputs/d1-week12.txt
2023-11-01 22:38:36,449 - WARNING - Scores not found for game between Gonzaga and Loyola Marymount in inputs/d1-week12.txt
2023-11-01 22:38:36,449 - WARNING - Scores not found for game between Houston Christian and Texas A&M-Commerce in inputs/d1-week12.txt
2023-11-01 22:38:36,450 - WARNING - Scores not found for game between James Madison and Appalachian State in inputs/d1-week12.txt
2023-11-01 22:38:36,450 - WARNING - Scores not found for game between La Salle and Dayton in inputs/d1-week12.txt
2023-11-01 22:38:36,450 - WARNING - Scores not found for game between Louisiana Tech and Western Kentucky in inputs/d1-week12.txt
2023-11-01 22:38:36,450 - WARNING - Scores not found for game between Louisiana-Monroe and Georgia Southern in inputs/d1-week12.txt
2023-11-01 22:38:36,450 - WARNING - Scores not found for game between McNeese State and Southeastern Louisiana in inputs/d1-week12.txt
2023-11-01 22:38:36,451 - WARNING - Scores not found for game between Northern Arizona and Sacramento State in inputs/d1-week12.txt
2023-11-01 22:38:36,451 - WARNING - Scores not found for game between Portland State and Idaho State in inputs/d1-week12.txt
2023-11-01 22:38:36,451 - WARNING - Scores not found for game between Sam Houston State and Florida International in inputs/d1-week12.txt
2023-11-01 22:38:36,451 - WARNING - Scores not found for game between San Diego State and Colorado State in inputs/d1-week12.txt
2023-11-01 22:38:36,451 - WARNING - Scores not found for game between San Francisco and Pepperdine in inputs/d1-week12.txt
2023-11-01 22:38:36,451 - WARNING - Scores not found for game between Santa Clara and San Diego in inputs/d1-week12.txt
2023-11-01 22:38:36,452 - WARNING - Scores not found for game between St. Mary's (CA) and Portland in inputs/d1-week12.txt
2023-11-01 22:38:36,452 - WARNING - Scores not found for game between Texas A&M-Corpus Christi and Northwestern State in inputs/d1-week12.txt
2023-11-01 22:38:36,452 - WARNING - Scores not found for game between Utah State and Boise State in inputs/d1-week12.txt
2023-11-01 22:38:36,452 - WARNING - Scores not found for game between Utah Valley and Grand Canyon in inputs/d1-week12.txt
2023-11-01 22:38:36,452 - WARNING - Scores not found for game between Pittsburgh and Florida State in inputs/d1-week12.txt
2023-11-01 22:38:36,453 - WARNING - Scores not found for game between Clemson and Notre Dame in inputs/d1-week12.txt
2023-11-01 22:38:36,453 - WARNING - Scores not found for game between Iowa and Penn State in inputs/d1-week12.txt
2023-11-01 22:38:36,453 - WARNING - Scores not found for game between Nebraska and Wisconsin in inputs/d1-week12.txt
2023-11-01 22:38:36,453 - WARNING - Scores not found for game between Xavier and Providence in inputs/d1-week12.txt
2023-11-01 22:38:36,454 - WARNING - Scores not found for game between Alabama A&M and Grambling State in inputs/d1-week12.txt
2023-11-01 22:38:36,454 - WARNING - Scores not found for game between Army and Colgate in inputs/d1-week12.txt
2023-11-01 22:38:36,454 - WARNING - Scores not found for game between Binghamton and Massachusetts-Lowell in inputs/d1-week12.txt
2023-11-01 22:38:36,455 - WARNING - Scores not found for game between Bowling Green and Ohio University in inputs/d1-week12.txt
2023-11-01 22:38:36,455 - WARNING - Scores not found for game between Bucknell and Boston University in inputs/d1-week12.txt
2023-11-01 22:38:36,456 - WARNING - Scores not found for game between Cal State Fullerton and UC Irvine in inputs/d1-week12.txt
2023-11-01 22:38:36,456 - WARNING - Scores not found for game between Connecticut and Georgetown in inputs/d1-week12.txt
2023-11-01 22:38:36,456 - WARNING - Scores not found for game between Drake and UIC in inputs/d1-week12.txt
2023-11-01 22:38:36,457 - WARNING - Scores not found for game between FGCU and Central Arkansas in inputs/d1-week12.txt
2023-11-01 22:38:36,457 - WARNING - Scores not found for game between Fairfield and Mount St. Mary's in inputs/d1-week12.txt
2023-11-01 22:38:36,457 - WARNING - Scores not found for game between High Point and USC Upstate in inputs/d1-week12.txt
2023-11-01 22:38:36,457 - WARNING - Scores not found for game between IUPUI and Northern Kentucky in inputs/d1-week12.txt
2023-11-01 22:38:36,457 - WARNING - Scores not found for game between Jackson State and Alcorn State in inputs/d1-week12.txt
2023-11-01 22:38:36,458 - WARNING - Scores not found for game between Lipscomb and North Alabama in inputs/d1-week12.txt
2023-11-01 22:38:36,458 - WARNING - Scores not found for game between Maine and Vermont in inputs/d1-week12.txt
2023-11-01 22:38:36,458 - WARNING - Scores not found for game between Merrimack and Wagner in inputs/d1-week12.txt
2023-11-01 22:38:36,458 - WARNING - Scores not found for game between Morehead State and Southeast Missouri State in inputs/d1-week12.txt
2023-11-01 22:38:36,458 - WARNING - Scores not found for game between Prairie View A&M and Southern University in inputs/d1-week12.txt
2023-11-01 22:38:36,459 - WARNING - Scores not found for game between Quinnipiac and Rider in inputs/d1-week12.txt
2023-11-01 22:38:36,459 - WARNING - Scores not found for game between Radford and Charleston Southern in inputs/d1-week12.txt
2023-11-01 22:38:36,459 - WARNING - Scores not found for game between South Carolina-Beaufort and South Carolina State in inputs/d1-week12.txt
2023-11-01 22:38:36,459 - WARNING - Scores not found for game between Tennessee Tech and Little Rock in inputs/d1-week12.txt
2023-11-01 22:38:36,459 - WARNING - Scores not found for game between Texas Southern and Arkansas Pine Bluff in inputs/d1-week12.txt
2023-11-01 22:38:36,459 - WARNING - Scores not found for game between UC Davis and Cal Poly in inputs/d1-week12.txt
2023-11-01 22:38:36,460 - WARNING - Scores not found for game between Valparaiso and Missouri State in inputs/d1-week12.txt
2023-11-01 22:38:36,460 - WARNING - Scores not found for game between Western Michigan and Kent State in inputs/d1-week12.txt
2023-11-01 22:38:36,460 - WARNING - Scores not found for game between Wisconsin-Milwaukee and Robert Morris in inputs/d1-week12.txt
2023-11-01 22:38:36,460 - WARNING - Scores not found for game between UCLA and USC in inputs/d1-week12.txt
2023-11-01 22:38:36,460 - WARNING - Scores not found for game between Stanford and California in inputs/d1-week12.txt
2023-11-01 22:38:36,461 - WARNING - Scores not found for game between Brown and Columbia in inputs/d1-week12.txt
2023-11-01 22:38:36,462 - WARNING - Scores not found for game between Harvard and Princeton in inputs/d1-week12.txt
2023-11-01 22:38:36,462 - WARNING - Scores not found for game between Arizona and Arizona State in inputs/d1-week12.txt
2023-11-01 22:38:36,463 - WARNING - Scores not found for game between Oregon State and Oregon in inputs/d1-week12.txt
2023-11-01 22:38:36,463 - WARNING - Scores not found for game between Utah and Colorado in inputs/d1-week12.txt
2023-11-01 22:38:36,463 - WARNING - Scores not found for game between Washington and Washington State in inputs/d1-week12.txt
2023-11-01 22:38:36,463 - WARNING - Scores not found for game between Loyola Marymount and St. Mary's (CA) in inputs/d1-week12.txt
2023-11-01 22:38:36,464 - WARNING - Scores not found for game between Pacific and San Francisco in inputs/d1-week12.txt
2023-11-01 22:38:36,464 - WARNING - Scores not found for game between Pepperdine and Gonzaga in inputs/d1-week12.txt
2023-11-01 22:38:36,464 - WARNING - Scores not found for game between Portland and Santa Clara in inputs/d1-week12.txt
2023-11-01 22:38:36,464 - WARNING - Scores not found for game between Towson and Monmouth in inputs/d1-week12.txt
2023-11-01 22:38:36,464 - WARNING - Scores not found for game between Western Carolina and Samford in inputs/d1-week12.txt
