2023-10-31 15:46:09,628 - WARNING - Scores not found for game between Pacific and Portland in inputs/week7.txt
2023-10-31 15:46:09,836 - WARNING - Scores not found for game between UC Riverside and Long Beach State in inputs/week10.txt
2023-10-31 15:46:09,925 - WARNING - Scores not found for game between UAB and Memphis in inputs/week12.txt
2023-10-31 15:46:09,925 - WARNING - Scores not found for game between Auburn and Arkansas in inputs/week12.txt
2023-10-31 15:46:09,926 - WARNING - Scores not found for game between Texas A&M and South Carolina in inputs/week12.txt
2023-10-31 15:46:09,927 - WARNING - Scores not found for game between Alabama and Mississippi State in inputs/week12.txt
2023-10-31 15:46:09,927 - WARNING - Scores not found for game between Charlotte and East Carolina in inputs/week12.txt
2023-10-31 15:46:09,927 - WARNING - Scores not found for game between Kentucky and Georgia in inputs/week12.txt
2023-10-31 15:46:09,927 - WARNING - Scores not found for game between South Florida and Florida Atlantic in inputs/week12.txt
2023-10-31 15:46:09,928 - WARNING - Scores not found for game between Tulsa and SMU in inputs/week12.txt
2023-10-31 15:46:09,928 - WARNING - Scores not found for game between BYU and USF in inputs/week12.txt
2023-10-31 15:46:09,928 - WARNING - Scores not found for game between Texas and Texas Tech in inputs/week12.txt
2023-10-31 15:46:09,928 - WARNING - Scores not found for game between Saint Louis and Duquesne in inputs/week12.txt
2023-10-31 15:46:09,928 - WARNING - Scores not found for game between Texas State and South Alabama in inputs/week12.txt
2023-10-31 15:46:09,929 - WARNING - Scores not found for game between California Baptist and Seattle in inputs/week12.txt
2023-10-31 15:46:09,929 - WARNING - Scores not found for game between Georgia State and Old Dominion in inputs/week12.txt
2023-10-31 15:46:09,929 - WARNING - Scores not found for game between Gonzaga and Loyola Marymount in inputs/week12.txt
2023-10-31 15:46:09,929 - WARNING - Scores not found for game between Houston Christian and Texas A&M-Commerce in inputs/week12.txt
2023-10-31 15:46:09,929 - WARNING - Scores not found for game between James Madison and Appalachian State in inputs/week12.txt
2023-10-31 15:46:09,930 - WARNING - Scores not found for game between La Salle and Dayton in inputs/week12.txt
2023-10-31 15:46:09,930 - WARNING - Scores not found for game between Louisiana Tech and Western Kentucky in inputs/week12.txt
2023-10-31 15:46:09,930 - WARNING - Scores not found for game between Louisiana-Monroe and Georgia Southern in inputs/week12.txt
2023-10-31 15:46:09,930 - WARNING - Scores not found for game between McNeese State and Southeastern Louisiana in inputs/week12.txt
2023-10-31 15:46:09,930 - WARNING - Scores not found for game between Northern Arizona and Sacramento State in inputs/week12.txt
2023-10-31 15:46:09,931 - WARNING - Scores not found for game between Portland State and Idaho State in inputs/week12.txt
2023-10-31 15:46:09,931 - WARNING - Scores not found for game between Sam Houston State and Florida International in inputs/week12.txt
2023-10-31 15:46:09,931 - WARNING - Scores not found for game between San Diego State and Colorado State in inputs/week12.txt
2023-10-31 15:46:09,931 - WARNING - Scores not found for game between San Francisco and Pepperdine in inputs/week12.txt
2023-10-31 15:46:09,931 - WARNING - Scores not found for game between Santa Clara and San Diego in inputs/week12.txt
2023-10-31 15:46:09,932 - WARNING - Scores not found for game between St. Mary's (CA) and Portland in inputs/week12.txt
2023-10-31 15:46:09,932 - WARNING - Scores not found for game between Texas A&M-Corpus Christi and Northwestern State in inputs/week12.txt
2023-10-31 15:46:09,932 - WARNING - Scores not found for game between Utah State and Boise State in inputs/week12.txt
2023-10-31 15:46:09,933 - WARNING - Scores not found for game between Utah Valley and Grand Canyon in inputs/week12.txt
2023-10-31 15:46:09,933 - WARNING - Scores not found for game between Pittsburgh and Florida State in inputs/week12.txt
2023-10-31 15:46:09,933 - WARNING - Scores not found for game between Clemson and Notre Dame in inputs/week12.txt
2023-10-31 15:46:09,933 - WARNING - Scores not found for game between Iowa and Penn State in inputs/week12.txt
2023-10-31 15:46:09,934 - WARNING - Scores not found for game between Nebraska and Wisconsin in inputs/week12.txt
2023-10-31 15:46:09,934 - WARNING - Scores not found for game between Xavier and Providence in inputs/week12.txt
2023-10-31 15:46:09,934 - WARNING - Scores not found for game between Alabama A&M and Grambling State in inputs/week12.txt
2023-10-31 15:46:09,934 - WARNING - Scores not found for game between Army and Colgate in inputs/week12.txt
2023-10-31 15:46:09,934 - WARNING - Scores not found for game between Binghamton and Massachusetts-Lowell in inputs/week12.txt
2023-10-31 15:46:09,935 - WARNING - Scores not found for game between Bowling Green and Ohio University in inputs/week12.txt
2023-10-31 15:46:09,935 - WARNING - Scores not found for game between Bucknell and Boston University in inputs/week12.txt
2023-10-31 15:46:09,935 - WARNING - Scores not found for game between Cal State Fullerton and UC Irvine in inputs/week12.txt
2023-10-31 15:46:09,935 - WARNING - Scores not found for game between Connecticut and Georgetown in inputs/week12.txt
2023-10-31 15:46:09,936 - WARNING - Scores not found for game between Drake and UIC in inputs/week12.txt
2023-10-31 15:46:09,936 - WARNING - Scores not found for game between FGCU and Central Arkansas in inputs/week12.txt
2023-10-31 15:46:09,936 - WARNING - Scores not found for game between Fairfield and Mount St. Mary's in inputs/week12.txt
2023-10-31 15:46:09,936 - WARNING - Scores not found for game between High Point and USC Upstate in inputs/week12.txt
2023-10-31 15:46:09,936 - WARNING - Scores not found for game between IUPUI and Northern Kentucky in inputs/week12.txt
2023-10-31 15:46:09,937 - WARNING - Scores not found for game between Jackson State and Alcorn State in inputs/week12.txt
2023-10-31 15:46:09,937 - WARNING - Scores not found for game between Lipscomb and North Alabama in inputs/week12.txt
2023-10-31 15:46:09,937 - WARNING - Scores not found for game between Maine and Vermont in inputs/week12.txt
2023-10-31 15:46:09,937 - WARNING - Scores not found for game between Merrimack and Wagner in inputs/week12.txt
2023-10-31 15:46:09,937 - WARNING - Scores not found for game between Morehead State and Southeast Missouri State in inputs/week12.txt
2023-10-31 15:46:09,937 - WARNING - Scores not found for game between Prairie View A&M and Southern University in inputs/week12.txt
2023-10-31 15:46:09,938 - WARNING - Scores not found for game between Quinnipiac and Rider in inputs/week12.txt
2023-10-31 15:46:09,938 - WARNING - Scores not found for game between Radford and Charleston Southern in inputs/week12.txt
2023-10-31 15:46:09,938 - WARNING - Scores not found for game between South Carolina-Beaufort and South Carolina State in inputs/week12.txt
2023-10-31 15:46:09,938 - WARNING - Scores not found for game between Tennessee Tech and Little Rock in inputs/week12.txt
2023-10-31 15:46:09,938 - WARNING - Scores not found for game between Texas Southern and Arkansas Pine Bluff in inputs/week12.txt
2023-10-31 15:46:09,939 - WARNING - Scores not found for game between UC Davis and Cal Poly in inputs/week12.txt
2023-10-31 15:46:09,939 - WARNING - Scores not found for game between Valparaiso and Missouri State in inputs/week12.txt
2023-10-31 15:46:09,939 - WARNING - Scores not found for game between Western Michigan and Kent State in inputs/week12.txt
2023-10-31 15:46:09,939 - WARNING - Scores not found for game between Wisconsin-Milwaukee and Robert Morris in inputs/week12.txt
2023-10-31 15:46:09,939 - WARNING - Scores not found for game between UCLA and USC in inputs/week12.txt
2023-10-31 15:46:09,940 - WARNING - Scores not found for game between Stanford and California in inputs/week12.txt
2023-10-31 15:46:09,940 - WARNING - Scores not found for game between Brown and Columbia in inputs/week12.txt
2023-10-31 15:46:09,940 - WARNING - Scores not found for game between Harvard and Princeton in inputs/week12.txt
2023-10-31 15:46:09,940 - WARNING - Scores not found for game between Arizona and Arizona State in inputs/week12.txt
2023-10-31 15:46:09,940 - WARNING - Scores not found for game between Oregon State and Oregon in inputs/week12.txt
2023-10-31 15:46:09,941 - WARNING - Scores not found for game between Utah and Colorado in inputs/week12.txt
2023-10-31 15:46:09,941 - WARNING - Scores not found for game between Washington and Washington State in inputs/week12.txt
2023-10-31 15:46:09,941 - WARNING - Scores not found for game between Loyola Marymount and St. Mary's (CA) in inputs/week12.txt
2023-10-31 15:46:09,941 - WARNING - Scores not found for game between Pacific and San Francisco in inputs/week12.txt
2023-10-31 15:46:09,941 - WARNING - Scores not found for game between Pepperdine and Gonzaga in inputs/week12.txt
2023-10-31 15:46:09,942 - WARNING - Scores not found for game between Portland and Santa Clara in inputs/week12.txt
2023-10-31 15:46:09,942 - WARNING - Scores not found for game between Towson and Monmouth in inputs/week12.txt
2023-10-31 15:46:09,942 - WARNING - Scores not found for game between Western Carolina and Samford in inputs/week12.txt
