2023-10-31 17:38:25,276 - WARNING - Element with id 'listTableView' not found in inputs/njcaa-week1.txt
2023-10-31 17:38:25,293 - WARNING - Element with id 'listTableView' not found in inputs/njcaa-week2.txt
2023-10-31 17:38:25,301 - WARNING - Scores not found for game between Wisconsin-La Crosse and St. Benedict in inputs/d3-week3.txt
2023-10-31 17:38:25,301 - WARNING - Scores not found for game between Clarkson and Nazareth in inputs/d3-week3.txt
2023-10-31 17:38:25,301 - WARNING - Scores not found for game between Wisconsin-Stevens Point and St. Benedict in inputs/d3-week3.txt
2023-10-31 17:38:25,309 - WARNING - Element with id 'listTableView' not found in inputs/njcaa-week3.txt
2023-10-31 17:38:25,316 - WARNING - Scores not found for game between Nazareth and Penn State-Behrend in inputs/d3-week4.txt
2023-10-31 17:38:25,317 - WARNING - Scores not found for game between Nazareth and Wheaton (Ill.) in inputs/d3-week4.txt
2023-10-31 17:38:25,317 - WARNING - Scores not found for game between Wisconsin-Eau Claire and St. Benedict in inputs/d3-week4.txt
2023-10-31 17:38:25,332 - WARNING - Scores not found for game between Macalester and St. Benedict in inputs/d3-week5.txt
2023-10-31 17:38:25,332 - WARNING - Scores not found for game between Nazareth and SUNY Geneseo in inputs/d3-week5.txt
2023-10-31 17:38:25,333 - WARNING - Scores not found for game between Ithaca and Nazareth in inputs/d3-week5.txt
2023-10-31 17:38:25,333 - WARNING - Scores not found for game between St. Benedict and Hamline in inputs/d3-week5.txt
2023-10-31 17:38:25,333 - WARNING - Scores not found for game between St. Benedict and Wartburg in inputs/d3-week5.txt
2023-10-31 17:38:25,340 - WARNING - Element with id 'listTableView' not found in inputs/njcaa-week5.txt
2023-10-31 17:38:25,348 - WARNING - Scores not found for game between Nazareth and Hartwick in inputs/d3-week6.txt
2023-10-31 17:38:25,348 - WARNING - Scores not found for game between St. Mary's (Minn.) and St. Benedict in inputs/d3-week6.txt
2023-10-31 17:38:25,352 - WARNING - Element with id 'listTableView' not found in inputs/naia-week6.txt
2023-10-31 17:38:25,354 - WARNING - Element with id 'listTableView' not found in inputs/njcaa-week6.txt
2023-10-31 17:38:25,361 - WARNING - Scores not found for game between Houghton and Nazareth in inputs/d3-week7.txt
2023-10-31 17:38:25,362 - WARNING - Scores not found for game between St. Benedict and Augsburg in inputs/d3-week7.txt
2023-10-31 17:38:25,362 - WARNING - Scores not found for game between Nazareth and Keuka in inputs/d3-week7.txt
2023-10-31 17:38:25,362 - WARNING - Scores not found for game between St. Catherine and St. Benedict in inputs/d3-week7.txt
2023-10-31 17:38:25,362 - WARNING - Scores not found for game between St. Benedict and Simpson in inputs/d3-week7.txt
2023-10-31 17:38:25,365 - WARNING - Element with id 'listTableView' not found in inputs/naia-week7.txt
2023-10-31 17:38:25,368 - WARNING - Element with id 'listTableView' not found in inputs/njcaa-week7.txt
2023-10-31 17:38:25,375 - WARNING - Scores not found for game between Gustavus Adolphus and St. Benedict in inputs/d3-week8.txt
2023-10-31 17:38:25,378 - WARNING - Element with id 'listTableView' not found in inputs/naia-week8.txt
2023-10-31 17:38:25,380 - WARNING - Element with id 'listTableView' not found in inputs/njcaa-week8.txt
2023-10-31 17:38:25,383 - WARNING - Scores not found for game between Tiffin and Cedarville in inputs/d2-week9.txt
2023-10-31 17:38:25,387 - WARNING - Scores not found for game between St. Benedict and Concordia-Moorhead in inputs/d3-week9.txt
2023-10-31 17:38:25,387 - WARNING - Scores not found for game between Bethel (Minn.) and St. Benedict in inputs/d3-week9.txt
2023-10-31 17:38:25,388 - WARNING - Scores not found for game between St. Benedict and Wisconsin-Stout in inputs/d3-week9.txt
2023-10-31 17:38:25,391 - WARNING - Element with id 'listTableView' not found in inputs/naia-week9.txt
2023-10-31 17:38:25,394 - WARNING - Element with id 'listTableView' not found in inputs/njcaa-week9.txt
2023-10-31 17:38:25,397 - WARNING - Scores not found for game between Malone and Cedarville in inputs/d2-week10.txt
2023-10-31 17:38:25,398 - WARNING - Scores not found for game between Cedarville and Ursuline College (Ohio) in inputs/d2-week10.txt
2023-10-31 17:38:25,401 - WARNING - Scores not found for game between St. Scholastica and St. Benedict in inputs/d3-week10.txt
2023-10-31 17:38:25,402 - WARNING - Scores not found for game between St. Benedict and St. Olaf in inputs/d3-week10.txt
2023-10-31 17:38:25,405 - WARNING - Element with id 'listTableView' not found in inputs/naia-week10.txt
2023-10-31 17:38:25,407 - WARNING - Element with id 'listTableView' not found in inputs/njcaa-week10.txt
2023-10-31 17:38:25,411 - WARNING - Scores not found for game between Lake Erie and Cedarville in inputs/d2-week11.txt
2023-10-31 17:38:25,411 - WARNING - Scores not found for game between Walsh and Cedarville in inputs/d2-week11.txt
2023-10-31 17:38:25,415 - WARNING - Scores not found for game between St. Benedict and Carleton in inputs/d3-week11.txt
2023-10-31 17:38:25,418 - WARNING - Element with id 'listTableView' not found in inputs/naia-week11.txt
2023-10-31 17:38:25,421 - WARNING - Element with id 'listTableView' not found in inputs/njcaa-week11.txt
2023-10-31 17:38:25,423 - WARNING - Scores not found for game between Cedarville and Thomas More in inputs/d2-week12.txt
2023-10-31 17:38:25,424 - WARNING - Scores not found for game between Cal State East Bay and Cal State San Marcos in inputs/d2-week12.txt
2023-10-31 17:38:25,427 - WARNING - Element with id 'listTableView' not found in inputs/d3-week12.txt
2023-10-31 17:38:25,430 - WARNING - Scores not found for game between South Carolina-Beaufort and South Carolina State in inputs/naia-week12.txt
2023-10-31 17:38:25,434 - WARNING - Element with id 'listTableView' not found in inputs/njcaa-week12.txt
